<?xml version="1.0" encoding="UTF-8"?>
<!-- Generated by org.testng.reporters.JUnitXMLReporter -->
<testsuite ignored="0" hostname="Shiyamala-Panneerselvam" failures="0" tests="4" name="Test" time="49.2" errors="0" timestamp="2022-03-17T22:05:34 IST">
  <testcase classname="testcases.LoginTest" name="ExternalDataTest" time="7.227"/>
  <testcase classname="testcases.LoginTest" name="LoginFailiureTest" time="7.82"/>
  <testcase classname="testcases.LoginTest" name="LoginSuccessTest" time="11.179"/>
  <testcase classname="testcases.LoginTest" name="ParameterizedTest" time="7.595"/>
</testsuite> <!-- Test -->
