<?xml version="1.0" encoding="UTF-8"?>
<!-- Generated by org.testng.reporters.JUnitXMLReporter -->
<testsuite ignored="0" hostname="Shiyamala-Panneerselvam" failures="0" tests="4" name="Test" time="29.29" errors="0" timestamp="2022-03-15T00:07:08 IST">
  <testcase classname="testcases.LoginTest" name="ExternalDataTest" time="4.828"/>
  <testcase classname="testcases.LoginTest" name="LoginFailiureTest" time="7.848"/>
  <testcase classname="testcases.LoginTest" name="LoginSuccessTest" time="4.697"/>
  <testcase classname="testcases.LoginTest" name="ParameterizedTest" time="4.732"/>
</testsuite> <!-- Test -->
