<?xml version="1.0" encoding="UTF-8"?>
<testng-results ignored="0" total="4" passed="4" failed="0" skipped="0">
  <reporter-output>
  </reporter-output>
  <suite started-at="2022-03-15T00:06:39 IST" name="Suite" finished-at="2022-03-15T00:07:08 IST" duration-ms="29290">
    <groups>
    </groups>
    <test started-at="2022-03-15T00:06:39 IST" name="Test" finished-at="2022-03-15T00:07:08 IST" duration-ms="29290">
      <class name="testcases.LoginTest">
        <test-method is-config="true" signature="DataSetUP()[pri:0, instance:testcases.LoginTest@7c0c77c7]" started-at="2022-03-15T00:06:39 IST" name="DataSetUP" finished-at="2022-03-15T00:06:39 IST" duration-ms="421" status="PASS">
          <reporter-output>
          </reporter-output>
        </test-method> <!-- DataSetUP -->
        <test-method is-config="true" signature="SetUp(java.lang.reflect.Method)[pri:0, instance:testcases.LoginTest@7c0c77c7]" started-at="2022-03-15T00:06:39 IST" name="SetUp" finished-at="2022-03-15T00:06:41 IST" duration-ms="1707" status="PASS">
          <params>
            <param index="0">
              <value>
                <![CDATA[public void testcases.LoginTest.ExternalDataTest()]]>
              </value>
            </param>
          </params>
          <reporter-output>
          </reporter-output>
        </test-method> <!-- SetUp -->
        <test-method signature="ExternalDataTest()[pri:0, instance:testcases.LoginTest@7c0c77c7]" started-at="2022-03-15T00:06:41 IST" name="ExternalDataTest" finished-at="2022-03-15T00:06:46 IST" duration-ms="4828" status="PASS">
          <reporter-output>
          </reporter-output>
        </test-method> <!-- ExternalDataTest -->
        <test-method is-config="true" signature="TearDown()[pri:0, instance:testcases.LoginTest@7c0c77c7]" started-at="2022-03-15T00:06:46 IST" name="TearDown" finished-at="2022-03-15T00:06:46 IST" duration-ms="143" status="PASS">
          <reporter-output>
          </reporter-output>
        </test-method> <!-- TearDown -->
        <test-method is-config="true" signature="SetUp(java.lang.reflect.Method)[pri:0, instance:testcases.LoginTest@7c0c77c7]" started-at="2022-03-15T00:06:46 IST" name="SetUp" finished-at="2022-03-15T00:06:47 IST" duration-ms="1432" status="PASS">
          <params>
            <param index="0">
              <value>
                <![CDATA[public void testcases.LoginTest.LoginFailiureTest()]]>
              </value>
            </param>
          </params>
          <reporter-output>
          </reporter-output>
        </test-method> <!-- SetUp -->
        <test-method signature="LoginFailiureTest()[pri:0, instance:testcases.LoginTest@7c0c77c7]" started-at="2022-03-15T00:06:47 IST" name="LoginFailiureTest" finished-at="2022-03-15T00:06:55 IST" duration-ms="7848" status="PASS">
          <reporter-output>
          </reporter-output>
        </test-method> <!-- LoginFailiureTest -->
        <test-method is-config="true" signature="TearDown()[pri:0, instance:testcases.LoginTest@7c0c77c7]" started-at="2022-03-15T00:06:55 IST" name="TearDown" finished-at="2022-03-15T00:06:55 IST" duration-ms="136" status="PASS">
          <reporter-output>
          </reporter-output>
        </test-method> <!-- TearDown -->
        <test-method is-config="true" signature="SetUp(java.lang.reflect.Method)[pri:0, instance:testcases.LoginTest@7c0c77c7]" started-at="2022-03-15T00:06:55 IST" name="SetUp" finished-at="2022-03-15T00:06:57 IST" duration-ms="1390" status="PASS">
          <params>
            <param index="0">
              <value>
                <![CDATA[public void testcases.LoginTest.LoginSuccessTest()]]>
              </value>
            </param>
          </params>
          <reporter-output>
          </reporter-output>
        </test-method> <!-- SetUp -->
        <test-method signature="LoginSuccessTest()[pri:0, instance:testcases.LoginTest@7c0c77c7]" started-at="2022-03-15T00:06:57 IST" name="LoginSuccessTest" finished-at="2022-03-15T00:07:01 IST" duration-ms="4697" status="PASS">
          <reporter-output>
          </reporter-output>
        </test-method> <!-- LoginSuccessTest -->
        <test-method is-config="true" signature="TearDown()[pri:0, instance:testcases.LoginTest@7c0c77c7]" started-at="2022-03-15T00:07:01 IST" name="TearDown" finished-at="2022-03-15T00:07:01 IST" duration-ms="141" status="PASS">
          <reporter-output>
          </reporter-output>
        </test-method> <!-- TearDown -->
        <test-method is-config="true" signature="SetUp(java.lang.reflect.Method)[pri:0, instance:testcases.LoginTest@7c0c77c7]" started-at="2022-03-15T00:07:01 IST" name="SetUp" finished-at="2022-03-15T00:07:03 IST" duration-ms="1495" status="PASS">
          <params>
            <param index="0">
              <value>
                <![CDATA[public void testcases.LoginTest.ParameterizedTest(java.lang.String,java.lang.String)]]>
              </value>
            </param>
          </params>
          <reporter-output>
          </reporter-output>
        </test-method> <!-- SetUp -->
        <test-method signature="ParameterizedTest(java.lang.String,java.lang.String)[pri:0, instance:testcases.LoginTest@7c0c77c7]" started-at="2022-03-15T00:07:03 IST" name="ParameterizedTest" finished-at="2022-03-15T00:07:08 IST" duration-ms="4732" status="PASS">
          <params>
            <param index="0">
              <value>
                <![CDATA[pqr@abc.com]]>
              </value>
            </param>
            <param index="1">
              <value>
                <![CDATA[Abc@12345]]>
              </value>
            </param>
          </params>
          <reporter-output>
          </reporter-output>
        </test-method> <!-- ParameterizedTest -->
        <test-method is-config="true" signature="TearDown()[pri:0, instance:testcases.LoginTest@7c0c77c7]" started-at="2022-03-15T00:07:08 IST" name="TearDown" finished-at="2022-03-15T00:07:08 IST" duration-ms="125" status="PASS">
          <reporter-output>
          </reporter-output>
        </test-method> <!-- TearDown -->
        <test-method is-config="true" signature="DataTearDown()[pri:0, instance:testcases.LoginTest@7c0c77c7]" started-at="2022-03-15T00:07:08 IST" name="DataTearDown" finished-at="2022-03-15T00:07:08 IST" duration-ms="171" status="PASS">
          <reporter-output>
          </reporter-output>
        </test-method> <!-- DataTearDown -->
      </class> <!-- testcases.LoginTest -->
    </test> <!-- Test -->
  </suite> <!-- Suite -->
</testng-results>
